2022-02-14 14:05:26,640 DEBUG    root            Metrics collector initialized...
2022-02-14 14:05:26,646 DEBUG    root            Loaded Command Group: ['gcloud', 'components']
2022-02-14 14:05:26,654 DEBUG    root            Loaded Command Group: ['gcloud', 'components', 'list']
2022-02-14 14:05:26,657 DEBUG    root            Running [gcloud.components.list] with arguments: [--quiet: "True"]
2022-02-14 14:05:26,693 DEBUG    urllib3.connectionpool Starting new HTTPS connection (1): dl.google.com:443
2022-02-14 14:05:27,042 DEBUG    urllib3.connectionpool https://dl.google.com:443 "GET /dl/cloudsdk/channels/rapid/components-2.json HTTP/1.1" 200 179444
2022-02-14 14:05:27,321 INFO     ___FILE_ONLY___ 
Your current Google Cloud CLI version is: 372.0.0

2022-02-14 14:05:27,322 INFO     ___FILE_ONLY___ The latest available version is: 372.0.0

2022-02-14 14:05:27,322 INFO     ___FILE_ONLY___ 

2022-02-14 14:05:27,324 INFO     root            Display format: "table[box,title="Components"](state.name:label=Status,name:label=Name,id:label=ID,size.size(zero="",min=1048576):label=Size:align=right)"
2022-02-14 14:05:27,339 INFO     ___FILE_ONLY___ ┌────────────────────────────────────────────────────────────────────────────────────────────────────────────┐
2022-02-14 14:05:27,339 INFO     ___FILE_ONLY___ 

2022-02-14 14:05:27,339 INFO     ___FILE_ONLY___ │                                                 Components                                                 │
2022-02-14 14:05:27,339 INFO     ___FILE_ONLY___ 

2022-02-14 14:05:27,339 INFO     ___FILE_ONLY___ ├───────────────┬──────────────────────────────────────────────────────┬──────────────────────────┬──────────┤
2022-02-14 14:05:27,339 INFO     ___FILE_ONLY___ 

2022-02-14 14:05:27,339 INFO     ___FILE_ONLY___ │     Status    │                         Name                         │            ID            │   Size   │
2022-02-14 14:05:27,339 INFO     ___FILE_ONLY___ 

2022-02-14 14:05:27,339 INFO     ___FILE_ONLY___ ├───────────────┼──────────────────────────────────────────────────────┼──────────────────────────┼──────────┤
2022-02-14 14:05:27,339 INFO     ___FILE_ONLY___ 

2022-02-14 14:05:27,340 INFO     ___FILE_ONLY___ │ 
2022-02-14 14:05:27,340 INFO     ___FILE_ONLY___ Not Installed
2022-02-14 14:05:27,340 INFO     ___FILE_ONLY___  
2022-02-14 14:05:27,340 INFO     ___FILE_ONLY___ │ 
2022-02-14 14:05:27,340 INFO     ___FILE_ONLY___ App Engine Go Extensions                            
2022-02-14 14:05:27,340 INFO     ___FILE_ONLY___  
2022-02-14 14:05:27,340 INFO     ___FILE_ONLY___ │ 
2022-02-14 14:05:27,340 INFO     ___FILE_ONLY___ app-engine-go           
2022-02-14 14:05:27,340 INFO     ___FILE_ONLY___  
2022-02-14 14:05:27,340 INFO     ___FILE_ONLY___ │ 
2022-02-14 14:05:27,340 INFO     ___FILE_ONLY___  4.0 MiB
2022-02-14 14:05:27,340 INFO     ___FILE_ONLY___  
2022-02-14 14:05:27,340 INFO     ___FILE_ONLY___ │
2022-02-14 14:05:27,340 INFO     ___FILE_ONLY___ 

2022-02-14 14:05:27,340 INFO     ___FILE_ONLY___ │ 
2022-02-14 14:05:27,340 INFO     ___FILE_ONLY___ Not Installed
2022-02-14 14:05:27,340 INFO     ___FILE_ONLY___  
2022-02-14 14:05:27,340 INFO     ___FILE_ONLY___ │ 
2022-02-14 14:05:27,341 INFO     ___FILE_ONLY___ Appctl                                              
2022-02-14 14:05:27,341 INFO     ___FILE_ONLY___  
2022-02-14 14:05:27,341 INFO     ___FILE_ONLY___ │ 
2022-02-14 14:05:27,341 INFO     ___FILE_ONLY___ appctl                  
2022-02-14 14:05:27,341 INFO     ___FILE_ONLY___  
2022-02-14 14:05:27,341 INFO     ___FILE_ONLY___ │ 
2022-02-14 14:05:27,341 INFO     ___FILE_ONLY___ 18.5 MiB
2022-02-14 14:05:27,341 INFO     ___FILE_ONLY___  
2022-02-14 14:05:27,341 INFO     ___FILE_ONLY___ │
2022-02-14 14:05:27,341 INFO     ___FILE_ONLY___ 

2022-02-14 14:05:27,341 INFO     ___FILE_ONLY___ │ 
2022-02-14 14:05:27,341 INFO     ___FILE_ONLY___ Not Installed
2022-02-14 14:05:27,341 INFO     ___FILE_ONLY___  
2022-02-14 14:05:27,341 INFO     ___FILE_ONLY___ │ 
2022-02-14 14:05:27,341 INFO     ___FILE_ONLY___ Cloud Bigtable Command Line Tool                    
2022-02-14 14:05:27,341 INFO     ___FILE_ONLY___  
2022-02-14 14:05:27,341 INFO     ___FILE_ONLY___ │ 
2022-02-14 14:05:27,341 INFO     ___FILE_ONLY___ cbt                     
2022-02-14 14:05:27,341 INFO     ___FILE_ONLY___  
2022-02-14 14:05:27,341 INFO     ___FILE_ONLY___ │ 
2022-02-14 14:05:27,341 INFO     ___FILE_ONLY___  7.6 MiB
2022-02-14 14:05:27,341 INFO     ___FILE_ONLY___  
2022-02-14 14:05:27,341 INFO     ___FILE_ONLY___ │
2022-02-14 14:05:27,341 INFO     ___FILE_ONLY___ 

2022-02-14 14:05:27,341 INFO     ___FILE_ONLY___ │ 
2022-02-14 14:05:27,342 INFO     ___FILE_ONLY___ Not Installed
2022-02-14 14:05:27,342 INFO     ___FILE_ONLY___  
2022-02-14 14:05:27,342 INFO     ___FILE_ONLY___ │ 
2022-02-14 14:05:27,342 INFO     ___FILE_ONLY___ Cloud Bigtable Emulator                             
2022-02-14 14:05:27,342 INFO     ___FILE_ONLY___  
2022-02-14 14:05:27,342 INFO     ___FILE_ONLY___ │ 
2022-02-14 14:05:27,342 INFO     ___FILE_ONLY___ bigtable                
2022-02-14 14:05:27,342 INFO     ___FILE_ONLY___  
2022-02-14 14:05:27,342 INFO     ___FILE_ONLY___ │ 
2022-02-14 14:05:27,342 INFO     ___FILE_ONLY___  5.7 MiB
2022-02-14 14:05:27,342 INFO     ___FILE_ONLY___  
2022-02-14 14:05:27,342 INFO     ___FILE_ONLY___ │
2022-02-14 14:05:27,342 INFO     ___FILE_ONLY___ 

2022-02-14 14:05:27,342 INFO     ___FILE_ONLY___ │ 
2022-02-14 14:05:27,342 INFO     ___FILE_ONLY___ Not Installed
2022-02-14 14:05:27,342 INFO     ___FILE_ONLY___  
2022-02-14 14:05:27,342 INFO     ___FILE_ONLY___ │ 
2022-02-14 14:05:27,342 INFO     ___FILE_ONLY___ Cloud Datalab Command Line Tool                     
2022-02-14 14:05:27,342 INFO     ___FILE_ONLY___  
2022-02-14 14:05:27,342 INFO     ___FILE_ONLY___ │ 
2022-02-14 14:05:27,342 INFO     ___FILE_ONLY___ datalab                 
2022-02-14 14:05:27,342 INFO     ___FILE_ONLY___  
2022-02-14 14:05:27,342 INFO     ___FILE_ONLY___ │ 
2022-02-14 14:05:27,342 INFO     ___FILE_ONLY___  < 1 MiB
2022-02-14 14:05:27,342 INFO     ___FILE_ONLY___  
2022-02-14 14:05:27,342 INFO     ___FILE_ONLY___ │
2022-02-14 14:05:27,342 INFO     ___FILE_ONLY___ 

2022-02-14 14:05:27,342 INFO     ___FILE_ONLY___ │ 
2022-02-14 14:05:27,342 INFO     ___FILE_ONLY___ Not Installed
2022-02-14 14:05:27,342 INFO     ___FILE_ONLY___  
2022-02-14 14:05:27,342 INFO     ___FILE_ONLY___ │ 
2022-02-14 14:05:27,342 INFO     ___FILE_ONLY___ Cloud Datastore Emulator                            
2022-02-14 14:05:27,342 INFO     ___FILE_ONLY___  
2022-02-14 14:05:27,342 INFO     ___FILE_ONLY___ │ 
2022-02-14 14:05:27,342 INFO     ___FILE_ONLY___ cloud-datastore-emulator
2022-02-14 14:05:27,342 INFO     ___FILE_ONLY___  
2022-02-14 14:05:27,342 INFO     ___FILE_ONLY___ │ 
2022-02-14 14:05:27,342 INFO     ___FILE_ONLY___ 18.4 MiB
2022-02-14 14:05:27,342 INFO     ___FILE_ONLY___  
2022-02-14 14:05:27,342 INFO     ___FILE_ONLY___ │
2022-02-14 14:05:27,342 INFO     ___FILE_ONLY___ 

2022-02-14 14:05:27,342 INFO     ___FILE_ONLY___ │ 
2022-02-14 14:05:27,343 INFO     ___FILE_ONLY___ Not Installed
2022-02-14 14:05:27,343 INFO     ___FILE_ONLY___  
2022-02-14 14:05:27,343 INFO     ___FILE_ONLY___ │ 
2022-02-14 14:05:27,343 INFO     ___FILE_ONLY___ Cloud Firestore Emulator                            
2022-02-14 14:05:27,343 INFO     ___FILE_ONLY___  
2022-02-14 14:05:27,343 INFO     ___FILE_ONLY___ │ 
2022-02-14 14:05:27,343 INFO     ___FILE_ONLY___ cloud-firestore-emulator
2022-02-14 14:05:27,343 INFO     ___FILE_ONLY___  
2022-02-14 14:05:27,343 INFO     ___FILE_ONLY___ │ 
2022-02-14 14:05:27,343 INFO     ___FILE_ONLY___ 40.5 MiB
2022-02-14 14:05:27,343 INFO     ___FILE_ONLY___  
2022-02-14 14:05:27,343 INFO     ___FILE_ONLY___ │
2022-02-14 14:05:27,343 INFO     ___FILE_ONLY___ 

2022-02-14 14:05:27,343 INFO     ___FILE_ONLY___ │ 
2022-02-14 14:05:27,343 INFO     ___FILE_ONLY___ Not Installed
2022-02-14 14:05:27,343 INFO     ___FILE_ONLY___  
2022-02-14 14:05:27,343 INFO     ___FILE_ONLY___ │ 
2022-02-14 14:05:27,343 INFO     ___FILE_ONLY___ Cloud Pub/Sub Emulator                              
2022-02-14 14:05:27,343 INFO     ___FILE_ONLY___  
2022-02-14 14:05:27,343 INFO     ___FILE_ONLY___ │ 
2022-02-14 14:05:27,343 INFO     ___FILE_ONLY___ pubsub-emulator         
2022-02-14 14:05:27,343 INFO     ___FILE_ONLY___  
2022-02-14 14:05:27,343 INFO     ___FILE_ONLY___ │ 
2022-02-14 14:05:27,343 INFO     ___FILE_ONLY___ 60.7 MiB
2022-02-14 14:05:27,343 INFO     ___FILE_ONLY___  
2022-02-14 14:05:27,343 INFO     ___FILE_ONLY___ │
2022-02-14 14:05:27,343 INFO     ___FILE_ONLY___ 

2022-02-14 14:05:27,343 INFO     ___FILE_ONLY___ │ 
2022-02-14 14:05:27,343 INFO     ___FILE_ONLY___ Not Installed
2022-02-14 14:05:27,343 INFO     ___FILE_ONLY___  
2022-02-14 14:05:27,343 INFO     ___FILE_ONLY___ │ 
2022-02-14 14:05:27,343 INFO     ___FILE_ONLY___ Cloud SQL Proxy                                     
2022-02-14 14:05:27,343 INFO     ___FILE_ONLY___  
2022-02-14 14:05:27,343 INFO     ___FILE_ONLY___ │ 
2022-02-14 14:05:27,343 INFO     ___FILE_ONLY___ cloud_sql_proxy         
2022-02-14 14:05:27,343 INFO     ___FILE_ONLY___  
2022-02-14 14:05:27,343 INFO     ___FILE_ONLY___ │ 
2022-02-14 14:05:27,343 INFO     ___FILE_ONLY___  7.3 MiB
2022-02-14 14:05:27,343 INFO     ___FILE_ONLY___  
2022-02-14 14:05:27,343 INFO     ___FILE_ONLY___ │
2022-02-14 14:05:27,343 INFO     ___FILE_ONLY___ 

2022-02-14 14:05:27,343 INFO     ___FILE_ONLY___ │ 
2022-02-14 14:05:27,344 INFO     ___FILE_ONLY___ Not Installed
2022-02-14 14:05:27,344 INFO     ___FILE_ONLY___  
2022-02-14 14:05:27,344 INFO     ___FILE_ONLY___ │ 
2022-02-14 14:05:27,344 INFO     ___FILE_ONLY___ Google Cloud Build Local Builder                    
2022-02-14 14:05:27,344 INFO     ___FILE_ONLY___  
2022-02-14 14:05:27,344 INFO     ___FILE_ONLY___ │ 
2022-02-14 14:05:27,344 INFO     ___FILE_ONLY___ cloud-build-local       
2022-02-14 14:05:27,344 INFO     ___FILE_ONLY___  
2022-02-14 14:05:27,344 INFO     ___FILE_ONLY___ │ 
2022-02-14 14:05:27,344 INFO     ___FILE_ONLY___  6.2 MiB
2022-02-14 14:05:27,344 INFO     ___FILE_ONLY___  
2022-02-14 14:05:27,344 INFO     ___FILE_ONLY___ │
2022-02-14 14:05:27,344 INFO     ___FILE_ONLY___ 

2022-02-14 14:05:27,344 INFO     ___FILE_ONLY___ │ 
2022-02-14 14:05:27,344 INFO     ___FILE_ONLY___ Not Installed
2022-02-14 14:05:27,344 INFO     ___FILE_ONLY___  
2022-02-14 14:05:27,344 INFO     ___FILE_ONLY___ │ 
2022-02-14 14:05:27,344 INFO     ___FILE_ONLY___ Google Container Registry's Docker credential helper
2022-02-14 14:05:27,344 INFO     ___FILE_ONLY___  
2022-02-14 14:05:27,344 INFO     ___FILE_ONLY___ │ 
2022-02-14 14:05:27,344 INFO     ___FILE_ONLY___ docker-credential-gcr   
2022-02-14 14:05:27,344 INFO     ___FILE_ONLY___  
2022-02-14 14:05:27,344 INFO     ___FILE_ONLY___ │ 
2022-02-14 14:05:27,344 INFO     ___FILE_ONLY___         
2022-02-14 14:05:27,344 INFO     ___FILE_ONLY___  
2022-02-14 14:05:27,344 INFO     ___FILE_ONLY___ │
2022-02-14 14:05:27,344 INFO     ___FILE_ONLY___ 

2022-02-14 14:05:27,344 INFO     ___FILE_ONLY___ │ 
2022-02-14 14:05:27,344 INFO     ___FILE_ONLY___ Not Installed
2022-02-14 14:05:27,344 INFO     ___FILE_ONLY___  
2022-02-14 14:05:27,344 INFO     ___FILE_ONLY___ │ 
2022-02-14 14:05:27,344 INFO     ___FILE_ONLY___ Kustomize                                           
2022-02-14 14:05:27,344 INFO     ___FILE_ONLY___  
2022-02-14 14:05:27,344 INFO     ___FILE_ONLY___ │ 
2022-02-14 14:05:27,344 INFO     ___FILE_ONLY___ kustomize               
2022-02-14 14:05:27,344 INFO     ___FILE_ONLY___  
2022-02-14 14:05:27,344 INFO     ___FILE_ONLY___ │ 
2022-02-14 14:05:27,344 INFO     ___FILE_ONLY___  7.4 MiB
2022-02-14 14:05:27,344 INFO     ___FILE_ONLY___  
2022-02-14 14:05:27,344 INFO     ___FILE_ONLY___ │
2022-02-14 14:05:27,344 INFO     ___FILE_ONLY___ 

2022-02-14 14:05:27,345 INFO     ___FILE_ONLY___ │ 
2022-02-14 14:05:27,345 INFO     ___FILE_ONLY___ Not Installed
2022-02-14 14:05:27,345 INFO     ___FILE_ONLY___  
2022-02-14 14:05:27,345 INFO     ___FILE_ONLY___ │ 
2022-02-14 14:05:27,345 INFO     ___FILE_ONLY___ Minikube                                            
2022-02-14 14:05:27,345 INFO     ___FILE_ONLY___  
2022-02-14 14:05:27,345 INFO     ___FILE_ONLY___ │ 
2022-02-14 14:05:27,345 INFO     ___FILE_ONLY___ minikube                
2022-02-14 14:05:27,345 INFO     ___FILE_ONLY___  
2022-02-14 14:05:27,345 INFO     ___FILE_ONLY___ │ 
2022-02-14 14:05:27,345 INFO     ___FILE_ONLY___ 26.1 MiB
2022-02-14 14:05:27,345 INFO     ___FILE_ONLY___  
2022-02-14 14:05:27,345 INFO     ___FILE_ONLY___ │
2022-02-14 14:05:27,345 INFO     ___FILE_ONLY___ 

2022-02-14 14:05:27,345 INFO     ___FILE_ONLY___ │ 
2022-02-14 14:05:27,345 INFO     ___FILE_ONLY___ Not Installed
2022-02-14 14:05:27,345 INFO     ___FILE_ONLY___  
2022-02-14 14:05:27,345 INFO     ___FILE_ONLY___ │ 
2022-02-14 14:05:27,345 INFO     ___FILE_ONLY___ Nomos CLI                                           
2022-02-14 14:05:27,345 INFO     ___FILE_ONLY___  
2022-02-14 14:05:27,345 INFO     ___FILE_ONLY___ │ 
2022-02-14 14:05:27,345 INFO     ___FILE_ONLY___ nomos                   
2022-02-14 14:05:27,345 INFO     ___FILE_ONLY___  
2022-02-14 14:05:27,345 INFO     ___FILE_ONLY___ │ 
2022-02-14 14:05:27,345 INFO     ___FILE_ONLY___ 23.6 MiB
2022-02-14 14:05:27,345 INFO     ___FILE_ONLY___  
2022-02-14 14:05:27,345 INFO     ___FILE_ONLY___ │
2022-02-14 14:05:27,345 INFO     ___FILE_ONLY___ 

2022-02-14 14:05:27,345 INFO     ___FILE_ONLY___ │ 
2022-02-14 14:05:27,345 INFO     ___FILE_ONLY___ Not Installed
2022-02-14 14:05:27,345 INFO     ___FILE_ONLY___  
2022-02-14 14:05:27,345 INFO     ___FILE_ONLY___ │ 
2022-02-14 14:05:27,345 INFO     ___FILE_ONLY___ On-Demand Scanning API extraction helper            
2022-02-14 14:05:27,345 INFO     ___FILE_ONLY___  
2022-02-14 14:05:27,346 INFO     ___FILE_ONLY___ │ 
2022-02-14 14:05:27,346 INFO     ___FILE_ONLY___ local-extract           
2022-02-14 14:05:27,346 INFO     ___FILE_ONLY___  
2022-02-14 14:05:27,346 INFO     ___FILE_ONLY___ │ 
2022-02-14 14:05:27,346 INFO     ___FILE_ONLY___ 12.9 MiB
2022-02-14 14:05:27,346 INFO     ___FILE_ONLY___  
2022-02-14 14:05:27,346 INFO     ___FILE_ONLY___ │
2022-02-14 14:05:27,346 INFO     ___FILE_ONLY___ 

2022-02-14 14:05:27,346 INFO     ___FILE_ONLY___ │ 
2022-02-14 14:05:27,346 INFO     ___FILE_ONLY___ Not Installed
2022-02-14 14:05:27,346 INFO     ___FILE_ONLY___  
2022-02-14 14:05:27,346 INFO     ___FILE_ONLY___ │ 
2022-02-14 14:05:27,346 INFO     ___FILE_ONLY___ Skaffold                                            
2022-02-14 14:05:27,346 INFO     ___FILE_ONLY___  
2022-02-14 14:05:27,346 INFO     ___FILE_ONLY___ │ 
2022-02-14 14:05:27,346 INFO     ___FILE_ONLY___ skaffold                
2022-02-14 14:05:27,346 INFO     ___FILE_ONLY___  
2022-02-14 14:05:27,346 INFO     ___FILE_ONLY___ │ 
2022-02-14 14:05:27,346 INFO     ___FILE_ONLY___ 17.8 MiB
2022-02-14 14:05:27,346 INFO     ___FILE_ONLY___  
2022-02-14 14:05:27,346 INFO     ___FILE_ONLY___ │
2022-02-14 14:05:27,346 INFO     ___FILE_ONLY___ 

2022-02-14 14:05:27,346 INFO     ___FILE_ONLY___ │ 
2022-02-14 14:05:27,347 INFO     ___FILE_ONLY___ Not Installed
2022-02-14 14:05:27,347 INFO     ___FILE_ONLY___  
2022-02-14 14:05:27,347 INFO     ___FILE_ONLY___ │ 
2022-02-14 14:05:27,347 INFO     ___FILE_ONLY___ anthos-auth                                         
2022-02-14 14:05:27,347 INFO     ___FILE_ONLY___  
2022-02-14 14:05:27,347 INFO     ___FILE_ONLY___ │ 
2022-02-14 14:05:27,347 INFO     ___FILE_ONLY___ anthos-auth             
2022-02-14 14:05:27,347 INFO     ___FILE_ONLY___  
2022-02-14 14:05:27,347 INFO     ___FILE_ONLY___ │ 
2022-02-14 14:05:27,347 INFO     ___FILE_ONLY___ 18.0 MiB
2022-02-14 14:05:27,347 INFO     ___FILE_ONLY___  
2022-02-14 14:05:27,347 INFO     ___FILE_ONLY___ │
2022-02-14 14:05:27,347 INFO     ___FILE_ONLY___ 

2022-02-14 14:05:27,347 INFO     ___FILE_ONLY___ │ 
2022-02-14 14:05:27,347 INFO     ___FILE_ONLY___ Not Installed
2022-02-14 14:05:27,347 INFO     ___FILE_ONLY___  
2022-02-14 14:05:27,347 INFO     ___FILE_ONLY___ │ 
2022-02-14 14:05:27,347 INFO     ___FILE_ONLY___ config-connector                                    
2022-02-14 14:05:27,347 INFO     ___FILE_ONLY___  
2022-02-14 14:05:27,347 INFO     ___FILE_ONLY___ │ 
2022-02-14 14:05:27,347 INFO     ___FILE_ONLY___ config-connector        
2022-02-14 14:05:27,347 INFO     ___FILE_ONLY___  
2022-02-14 14:05:27,347 INFO     ___FILE_ONLY___ │ 
2022-02-14 14:05:27,347 INFO     ___FILE_ONLY___ 49.8 MiB
2022-02-14 14:05:27,348 INFO     ___FILE_ONLY___  
2022-02-14 14:05:27,348 INFO     ___FILE_ONLY___ │
2022-02-14 14:05:27,348 INFO     ___FILE_ONLY___ 

2022-02-14 14:05:27,348 INFO     ___FILE_ONLY___ │ 
2022-02-14 14:05:27,348 INFO     ___FILE_ONLY___ Not Installed
2022-02-14 14:05:27,348 INFO     ___FILE_ONLY___  
2022-02-14 14:05:27,348 INFO     ___FILE_ONLY___ │ 
2022-02-14 14:05:27,348 INFO     ___FILE_ONLY___ gcloud Alpha Commands                               
2022-02-14 14:05:27,348 INFO     ___FILE_ONLY___  
2022-02-14 14:05:27,348 INFO     ___FILE_ONLY___ │ 
2022-02-14 14:05:27,348 INFO     ___FILE_ONLY___ alpha                   
2022-02-14 14:05:27,348 INFO     ___FILE_ONLY___  
2022-02-14 14:05:27,348 INFO     ___FILE_ONLY___ │ 
2022-02-14 14:05:27,348 INFO     ___FILE_ONLY___  < 1 MiB
2022-02-14 14:05:27,348 INFO     ___FILE_ONLY___  
2022-02-14 14:05:27,348 INFO     ___FILE_ONLY___ │
2022-02-14 14:05:27,348 INFO     ___FILE_ONLY___ 

2022-02-14 14:05:27,348 INFO     ___FILE_ONLY___ │ 
2022-02-14 14:05:27,348 INFO     ___FILE_ONLY___ Not Installed
2022-02-14 14:05:27,348 INFO     ___FILE_ONLY___  
2022-02-14 14:05:27,348 INFO     ___FILE_ONLY___ │ 
2022-02-14 14:05:27,348 INFO     ___FILE_ONLY___ gcloud Beta Commands                                
2022-02-14 14:05:27,348 INFO     ___FILE_ONLY___  
2022-02-14 14:05:27,348 INFO     ___FILE_ONLY___ │ 
2022-02-14 14:05:27,349 INFO     ___FILE_ONLY___ beta                    
2022-02-14 14:05:27,349 INFO     ___FILE_ONLY___  
2022-02-14 14:05:27,349 INFO     ___FILE_ONLY___ │ 
2022-02-14 14:05:27,349 INFO     ___FILE_ONLY___  < 1 MiB
2022-02-14 14:05:27,349 INFO     ___FILE_ONLY___  
2022-02-14 14:05:27,349 INFO     ___FILE_ONLY___ │
2022-02-14 14:05:27,349 INFO     ___FILE_ONLY___ 

2022-02-14 14:05:27,349 INFO     ___FILE_ONLY___ │ 
2022-02-14 14:05:27,349 INFO     ___FILE_ONLY___ Not Installed
2022-02-14 14:05:27,349 INFO     ___FILE_ONLY___  
2022-02-14 14:05:27,349 INFO     ___FILE_ONLY___ │ 
2022-02-14 14:05:27,349 INFO     ___FILE_ONLY___ gcloud app Java Extensions                          
2022-02-14 14:05:27,349 INFO     ___FILE_ONLY___  
2022-02-14 14:05:27,349 INFO     ___FILE_ONLY___ │ 
2022-02-14 14:05:27,349 INFO     ___FILE_ONLY___ app-engine-java         
2022-02-14 14:05:27,349 INFO     ___FILE_ONLY___  
2022-02-14 14:05:27,349 INFO     ___FILE_ONLY___ │ 
2022-02-14 14:05:27,349 INFO     ___FILE_ONLY___ 51.6 MiB
2022-02-14 14:05:27,349 INFO     ___FILE_ONLY___  
2022-02-14 14:05:27,349 INFO     ___FILE_ONLY___ │
2022-02-14 14:05:27,349 INFO     ___FILE_ONLY___ 

2022-02-14 14:05:27,349 INFO     ___FILE_ONLY___ │ 
2022-02-14 14:05:27,349 INFO     ___FILE_ONLY___ Not Installed
2022-02-14 14:05:27,349 INFO     ___FILE_ONLY___  
2022-02-14 14:05:27,349 INFO     ___FILE_ONLY___ │ 
2022-02-14 14:05:27,350 INFO     ___FILE_ONLY___ gcloud app PHP Extensions                           
2022-02-14 14:05:27,350 INFO     ___FILE_ONLY___  
2022-02-14 14:05:27,350 INFO     ___FILE_ONLY___ │ 
2022-02-14 14:05:27,350 INFO     ___FILE_ONLY___ app-engine-php          
2022-02-14 14:05:27,350 INFO     ___FILE_ONLY___  
2022-02-14 14:05:27,350 INFO     ___FILE_ONLY___ │ 
2022-02-14 14:05:27,350 INFO     ___FILE_ONLY___ 21.9 MiB
2022-02-14 14:05:27,350 INFO     ___FILE_ONLY___  
2022-02-14 14:05:27,350 INFO     ___FILE_ONLY___ │
2022-02-14 14:05:27,350 INFO     ___FILE_ONLY___ 

2022-02-14 14:05:27,350 INFO     ___FILE_ONLY___ │ 
2022-02-14 14:05:27,350 INFO     ___FILE_ONLY___ Not Installed
2022-02-14 14:05:27,350 INFO     ___FILE_ONLY___  
2022-02-14 14:05:27,350 INFO     ___FILE_ONLY___ │ 
2022-02-14 14:05:27,350 INFO     ___FILE_ONLY___ gcloud app Python Extensions                        
2022-02-14 14:05:27,350 INFO     ___FILE_ONLY___  
2022-02-14 14:05:27,350 INFO     ___FILE_ONLY___ │ 
2022-02-14 14:05:27,350 INFO     ___FILE_ONLY___ app-engine-python       
2022-02-14 14:05:27,350 INFO     ___FILE_ONLY___  
2022-02-14 14:05:27,350 INFO     ___FILE_ONLY___ │ 
2022-02-14 14:05:27,350 INFO     ___FILE_ONLY___  7.8 MiB
2022-02-14 14:05:27,350 INFO     ___FILE_ONLY___  
2022-02-14 14:05:27,350 INFO     ___FILE_ONLY___ │
2022-02-14 14:05:27,350 INFO     ___FILE_ONLY___ 

2022-02-14 14:05:27,350 INFO     ___FILE_ONLY___ │ 
2022-02-14 14:05:27,350 INFO     ___FILE_ONLY___ Not Installed
2022-02-14 14:05:27,350 INFO     ___FILE_ONLY___  
2022-02-14 14:05:27,351 INFO     ___FILE_ONLY___ │ 
2022-02-14 14:05:27,351 INFO     ___FILE_ONLY___ gcloud app Python Extensions (Extra Libraries)      
2022-02-14 14:05:27,351 INFO     ___FILE_ONLY___  
2022-02-14 14:05:27,351 INFO     ___FILE_ONLY___ │ 
2022-02-14 14:05:27,351 INFO     ___FILE_ONLY___ app-engine-python-extras
2022-02-14 14:05:27,351 INFO     ___FILE_ONLY___  
2022-02-14 14:05:27,351 INFO     ___FILE_ONLY___ │ 
2022-02-14 14:05:27,351 INFO     ___FILE_ONLY___ 26.4 MiB
2022-02-14 14:05:27,351 INFO     ___FILE_ONLY___  
2022-02-14 14:05:27,351 INFO     ___FILE_ONLY___ │
2022-02-14 14:05:27,351 INFO     ___FILE_ONLY___ 

2022-02-14 14:05:27,351 INFO     ___FILE_ONLY___ │ 
2022-02-14 14:05:27,351 INFO     ___FILE_ONLY___ Not Installed
2022-02-14 14:05:27,351 INFO     ___FILE_ONLY___  
2022-02-14 14:05:27,351 INFO     ___FILE_ONLY___ │ 
2022-02-14 14:05:27,351 INFO     ___FILE_ONLY___ kpt                                                 
2022-02-14 14:05:27,351 INFO     ___FILE_ONLY___  
2022-02-14 14:05:27,351 INFO     ___FILE_ONLY___ │ 
2022-02-14 14:05:27,351 INFO     ___FILE_ONLY___ kpt                     
2022-02-14 14:05:27,351 INFO     ___FILE_ONLY___  
2022-02-14 14:05:27,351 INFO     ___FILE_ONLY___ │ 
2022-02-14 14:05:27,351 INFO     ___FILE_ONLY___ 11.7 MiB
2022-02-14 14:05:27,351 INFO     ___FILE_ONLY___  
2022-02-14 14:05:27,351 INFO     ___FILE_ONLY___ │
2022-02-14 14:05:27,351 INFO     ___FILE_ONLY___ 

2022-02-14 14:05:27,351 INFO     ___FILE_ONLY___ │ 
2022-02-14 14:05:27,351 INFO     ___FILE_ONLY___ Not Installed
2022-02-14 14:05:27,351 INFO     ___FILE_ONLY___  
2022-02-14 14:05:27,352 INFO     ___FILE_ONLY___ │ 
2022-02-14 14:05:27,352 INFO     ___FILE_ONLY___ kubectl                                             
2022-02-14 14:05:27,352 INFO     ___FILE_ONLY___  
2022-02-14 14:05:27,352 INFO     ___FILE_ONLY___ │ 
2022-02-14 14:05:27,352 INFO     ___FILE_ONLY___ kubectl                 
2022-02-14 14:05:27,352 INFO     ___FILE_ONLY___  
2022-02-14 14:05:27,352 INFO     ___FILE_ONLY___ │ 
2022-02-14 14:05:27,352 INFO     ___FILE_ONLY___  < 1 MiB
2022-02-14 14:05:27,352 INFO     ___FILE_ONLY___  
2022-02-14 14:05:27,352 INFO     ___FILE_ONLY___ │
2022-02-14 14:05:27,352 INFO     ___FILE_ONLY___ 

2022-02-14 14:05:27,352 INFO     ___FILE_ONLY___ │ 
2022-02-14 14:05:27,352 INFO     ___FILE_ONLY___ Not Installed
2022-02-14 14:05:27,352 INFO     ___FILE_ONLY___  
2022-02-14 14:05:27,352 INFO     ___FILE_ONLY___ │ 
2022-02-14 14:05:27,352 INFO     ___FILE_ONLY___ kubectl-oidc                                        
2022-02-14 14:05:27,352 INFO     ___FILE_ONLY___  
2022-02-14 14:05:27,352 INFO     ___FILE_ONLY___ │ 
2022-02-14 14:05:27,352 INFO     ___FILE_ONLY___ kubectl-oidc            
2022-02-14 14:05:27,352 INFO     ___FILE_ONLY___  
2022-02-14 14:05:27,352 INFO     ___FILE_ONLY___ │ 
2022-02-14 14:05:27,352 INFO     ___FILE_ONLY___ 18.0 MiB
2022-02-14 14:05:27,352 INFO     ___FILE_ONLY___  
2022-02-14 14:05:27,352 INFO     ___FILE_ONLY___ │
2022-02-14 14:05:27,352 INFO     ___FILE_ONLY___ 

2022-02-14 14:05:27,352 INFO     ___FILE_ONLY___ │ 
2022-02-14 14:05:27,353 INFO     ___FILE_ONLY___ Not Installed
2022-02-14 14:05:27,353 INFO     ___FILE_ONLY___  
2022-02-14 14:05:27,353 INFO     ___FILE_ONLY___ │ 
2022-02-14 14:05:27,353 INFO     ___FILE_ONLY___ pkg                                                 
2022-02-14 14:05:27,353 INFO     ___FILE_ONLY___  
2022-02-14 14:05:27,353 INFO     ___FILE_ONLY___ │ 
2022-02-14 14:05:27,353 INFO     ___FILE_ONLY___ pkg                     
2022-02-14 14:05:27,353 INFO     ___FILE_ONLY___  
2022-02-14 14:05:27,353 INFO     ___FILE_ONLY___ │ 
2022-02-14 14:05:27,353 INFO     ___FILE_ONLY___         
2022-02-14 14:05:27,353 INFO     ___FILE_ONLY___  
2022-02-14 14:05:27,353 INFO     ___FILE_ONLY___ │
2022-02-14 14:05:27,353 INFO     ___FILE_ONLY___ 

2022-02-14 14:05:27,353 INFO     ___FILE_ONLY___ │ 
2022-02-14 14:05:27,353 INFO     ___FILE_ONLY___ Installed    
2022-02-14 14:05:27,353 INFO     ___FILE_ONLY___  
2022-02-14 14:05:27,353 INFO     ___FILE_ONLY___ │ 
2022-02-14 14:05:27,353 INFO     ___FILE_ONLY___ BigQuery Command Line Tool                          
2022-02-14 14:05:27,353 INFO     ___FILE_ONLY___  
2022-02-14 14:05:27,353 INFO     ___FILE_ONLY___ │ 
2022-02-14 14:05:27,353 INFO     ___FILE_ONLY___ bq                      
2022-02-14 14:05:27,353 INFO     ___FILE_ONLY___  
2022-02-14 14:05:27,353 INFO     ___FILE_ONLY___ │ 
2022-02-14 14:05:27,353 INFO     ___FILE_ONLY___  1.0 MiB
2022-02-14 14:05:27,353 INFO     ___FILE_ONLY___  
2022-02-14 14:05:27,353 INFO     ___FILE_ONLY___ │
2022-02-14 14:05:27,353 INFO     ___FILE_ONLY___ 

2022-02-14 14:05:27,353 INFO     ___FILE_ONLY___ │ 
2022-02-14 14:05:27,354 INFO     ___FILE_ONLY___ Installed    
2022-02-14 14:05:27,354 INFO     ___FILE_ONLY___  
2022-02-14 14:05:27,354 INFO     ___FILE_ONLY___ │ 
2022-02-14 14:05:27,354 INFO     ___FILE_ONLY___ Cloud Storage Command Line Tool                     
2022-02-14 14:05:27,354 INFO     ___FILE_ONLY___  
2022-02-14 14:05:27,354 INFO     ___FILE_ONLY___ │ 
2022-02-14 14:05:27,354 INFO     ___FILE_ONLY___ gsutil                  
2022-02-14 14:05:27,354 INFO     ___FILE_ONLY___  
2022-02-14 14:05:27,354 INFO     ___FILE_ONLY___ │ 
2022-02-14 14:05:27,354 INFO     ___FILE_ONLY___  8.1 MiB
2022-02-14 14:05:27,354 INFO     ___FILE_ONLY___  
2022-02-14 14:05:27,354 INFO     ___FILE_ONLY___ │
2022-02-14 14:05:27,354 INFO     ___FILE_ONLY___ 

2022-02-14 14:05:27,354 INFO     ___FILE_ONLY___ │ 
2022-02-14 14:05:27,354 INFO     ___FILE_ONLY___ Installed    
2022-02-14 14:05:27,354 INFO     ___FILE_ONLY___  
2022-02-14 14:05:27,354 INFO     ___FILE_ONLY___ │ 
2022-02-14 14:05:27,354 INFO     ___FILE_ONLY___ Google Cloud CLI Core Libraries                     
2022-02-14 14:05:27,354 INFO     ___FILE_ONLY___  
2022-02-14 14:05:27,354 INFO     ___FILE_ONLY___ │ 
2022-02-14 14:05:27,354 INFO     ___FILE_ONLY___ core                    
2022-02-14 14:05:27,354 INFO     ___FILE_ONLY___  
2022-02-14 14:05:27,354 INFO     ___FILE_ONLY___ │ 
2022-02-14 14:05:27,354 INFO     ___FILE_ONLY___ 22.0 MiB
2022-02-14 14:05:27,354 INFO     ___FILE_ONLY___  
2022-02-14 14:05:27,354 INFO     ___FILE_ONLY___ │
2022-02-14 14:05:27,354 INFO     ___FILE_ONLY___ 

2022-02-14 14:05:27,355 INFO     ___FILE_ONLY___ └───────────────┴──────────────────────────────────────────────────────┴──────────────────────────┴──────────┘
2022-02-14 14:05:27,355 INFO     ___FILE_ONLY___ 

2022-02-14 14:05:27,355 INFO     ___FILE_ONLY___ To install or remove components at your current SDK version [372.0.0], run:
  $ gcloud components install COMPONENT_ID
  $ gcloud components remove COMPONENT_ID

To update your SDK installation to the latest version [372.0.0], run:
  $ gcloud components update


