2022-02-14 14:06:24,870 ERROR    root            (gcloud) Command name argument expected.
2022-02-14 14:06:24,870 DEBUG    root            Loaded Command Group: ['gcloud', 'endpoints']
2022-02-14 14:06:24,871 DEBUG    root            No implementation for release track [GA] for element: [/Users/oskarsidebo/Desktop/google-cloud-sdk/lib/surface/error_reporting]
2022-02-14 14:06:24,871 DEBUG    root            No implementation for release track [GA] for element: [/Users/oskarsidebo/Desktop/google-cloud-sdk/lib/surface/web_security_scanner]
2022-02-14 14:06:24,872 DEBUG    root            Loaded Command Group: ['gcloud', 'pubsub']
2022-02-14 14:06:24,872 DEBUG    root            Loaded Command Group: ['gcloud', 'tasks']
2022-02-14 14:06:24,873 DEBUG    root            No implementation for release track [GA] for element: [/Users/oskarsidebo/Desktop/google-cloud-sdk/lib/surface/datapipelines]
2022-02-14 14:06:24,874 DEBUG    root            Loaded Command Group: ['gcloud', 'transcoder']
2022-02-14 14:06:24,874 DEBUG    root            No implementation for release track [GA] for element: [/Users/oskarsidebo/Desktop/google-cloud-sdk/lib/surface/blueprints]
2022-02-14 14:06:24,875 DEBUG    root            Loaded Command Group: ['gcloud', 'redis']
2022-02-14 14:06:24,875 DEBUG    root            No implementation for release track [GA] for element: [/Users/oskarsidebo/Desktop/google-cloud-sdk/lib/surface/edge_cloud]
2022-02-14 14:06:24,879 DEBUG    root            Loaded Command Group: ['gcloud', 'survey']
2022-02-14 14:06:24,880 DEBUG    root            Loaded Command Group: ['gcloud', 'domains']
2022-02-14 14:06:24,881 DEBUG    root            Loaded Command Group: ['gcloud', 'privateca']
2022-02-14 14:06:24,881 DEBUG    root            No implementation for release track [GA] for element: [/Users/oskarsidebo/Desktop/google-cloud-sdk/lib/surface/vmware]
2022-02-14 14:06:24,882 DEBUG    root            No implementation for release track [GA] for element: [/Users/oskarsidebo/Desktop/google-cloud-sdk/lib/surface/runtime_config]
2022-02-14 14:06:24,882 DEBUG    root            Loaded Command Group: ['gcloud', 'logging']
2022-02-14 14:06:24,911 DEBUG    root            No implementation for release track [GA] for element: [/Users/oskarsidebo/Desktop/google-cloud-sdk/lib/surface/events]
2022-02-14 14:06:24,912 DEBUG    root            Loaded Command Group: ['gcloud', 'datastream']
2022-02-14 14:06:24,913 DEBUG    root            Loaded Command Group: ['gcloud', 'dataproc']
2022-02-14 14:06:24,913 DEBUG    root            Loaded Command Group: ['gcloud', 'iam']
2022-02-14 14:06:24,915 DEBUG    root            Loaded Command Group: ['gcloud', 'debug']
2022-02-14 14:06:24,916 DEBUG    root            Loaded Command Group: ['gcloud', 'sql']
2022-02-14 14:06:24,916 DEBUG    root            Loaded Command Group: ['gcloud', 'workspace_add_ons']
2022-02-14 14:06:24,917 DEBUG    root            No implementation for release track [GA] for element: [/Users/oskarsidebo/Desktop/google-cloud-sdk/lib/surface/trace]
2022-02-14 14:06:24,918 DEBUG    root            Loaded Command Group: ['gcloud', 'access_approval']
2022-02-14 14:06:24,919 DEBUG    root            Loaded Command Group: ['gcloud', 'builds']
2022-02-14 14:06:24,920 DEBUG    root            Loaded Command Group: ['gcloud', 'service_directory']
2022-02-14 14:06:24,920 DEBUG    root            No implementation for release track [GA] for element: [/Users/oskarsidebo/Desktop/google-cloud-sdk/lib/surface/dataplex]
2022-02-14 14:06:24,921 DEBUG    root            No implementation for release track [GA] for element: [/Users/oskarsidebo/Desktop/google-cloud-sdk/lib/surface/resource_config]
2022-02-14 14:06:24,928 DEBUG    root            Loaded Command Group: ['gcloud', 'help']
2022-02-14 14:06:24,929 DEBUG    root            Loaded Command Group: ['gcloud', 'components']
2022-02-14 14:06:24,930 DEBUG    root            Loaded Command Group: ['gcloud', 'version']
2022-02-14 14:06:24,930 DEBUG    root            No implementation for release track [GA] for element: [/Users/oskarsidebo/Desktop/google-cloud-sdk/lib/surface/publicca]
2022-02-14 14:06:24,931 DEBUG    root            Loaded Command Group: ['gcloud', 'iap']
2022-02-14 14:06:24,931 DEBUG    root            Loaded Command Group: ['gcloud', 'artifacts']
2022-02-14 14:06:24,932 DEBUG    root            Loaded Command Group: ['gcloud', 'policy_troubleshoot']
2022-02-14 14:06:24,933 DEBUG    root            Loaded Command Group: ['gcloud', 'topic']
2022-02-14 14:06:24,934 DEBUG    root            Loaded Command Group: ['gcloud', 'anthos']
2022-02-14 14:06:25,036 DEBUG    root            No implementation for release track [GA] for element: [/Users/oskarsidebo/Desktop/google-cloud-sdk/lib/surface/interactive]
2022-02-14 14:06:25,037 DEBUG    root            No implementation for release track [GA] for element: [/Users/oskarsidebo/Desktop/google-cloud-sdk/lib/surface/alloydb]
2022-02-14 14:06:25,037 DEBUG    root            Loaded Command Group: ['gcloud', 'firebase']
2022-02-14 14:06:25,095 DEBUG    root            Loaded Command Group: ['gcloud', 'compute']
2022-02-14 14:06:25,097 DEBUG    root            Loaded Command Group: ['gcloud', 'deploy']
2022-02-14 14:06:25,098 DEBUG    root            No implementation for release track [GA] for element: [/Users/oskarsidebo/Desktop/google-cloud-sdk/lib/surface/remote_build_execution]
2022-02-14 14:06:25,098 DEBUG    root            Loaded Command Group: ['gcloud', 'access_context_manager']
2022-02-14 14:06:25,099 DEBUG    root            No implementation for release track [GA] for element: [/Users/oskarsidebo/Desktop/google-cloud-sdk/lib/surface/dialogflow]
2022-02-14 14:06:25,099 DEBUG    root            No implementation for release track [GA] for element: [/Users/oskarsidebo/Desktop/google-cloud-sdk/lib/surface/commerce_procurement]
2022-02-14 14:06:25,099 DEBUG    root            Loaded Command Group: ['gcloud', 'organizations']
2022-02-14 14:06:25,100 DEBUG    root            Loaded Command Group: ['gcloud', 'bigtable']
2022-02-14 14:06:25,101 DEBUG    root            Loaded Command Group: ['gcloud', 'datastore']
2022-02-14 14:06:25,123 DEBUG    root            Loaded Command Group: ['gcloud', 'ml_engine']
2022-02-14 14:06:25,124 DEBUG    root            Loaded Command Group: ['gcloud', 'network_services']
2022-02-14 14:06:25,124 DEBUG    root            Loaded Command Group: ['gcloud', 'active_directory']
2022-02-14 14:06:25,125 DEBUG    root            Loaded Command Group: ['gcloud', 'eventarc']
2022-02-14 14:06:25,126 DEBUG    root            No implementation for release track [GA] for element: [/Users/oskarsidebo/Desktop/google-cloud-sdk/lib/surface/certificate_manager]
2022-02-14 14:06:25,126 DEBUG    root            Loaded Command Group: ['gcloud', 'healthcare']
2022-02-14 14:06:25,127 DEBUG    root            Loaded Command Group: ['gcloud', 'scheduler']
2022-02-14 14:06:25,127 DEBUG    root            Loaded Command Group: ['gcloud', 'emulators']
2022-02-14 14:06:25,128 DEBUG    root            Loaded Command Group: ['gcloud', 'notebooks']
2022-02-14 14:06:25,129 DEBUG    root            Loaded Command Group: ['gcloud', 'services']
2022-02-14 14:06:25,129 DEBUG    root            Loaded Command Group: ['gcloud', 'deployment_manager']
2022-02-14 14:06:25,130 DEBUG    root            No implementation for release track [GA] for element: [/Users/oskarsidebo/Desktop/google-cloud-sdk/lib/surface/data_fusion]
2022-02-14 14:06:25,131 DEBUG    root            No implementation for release track [GA] for element: [/Users/oskarsidebo/Desktop/google-cloud-sdk/lib/surface/bq]
2022-02-14 14:06:25,131 DEBUG    root            Loaded Command Group: ['gcloud', 'recommender']
2022-02-14 14:06:25,132 DEBUG    root            Loaded Command Group: ['gcloud', 'monitoring']
2022-02-14 14:06:25,132 DEBUG    root            Loaded Command Group: ['gcloud', 'ai_platform']
2022-02-14 14:06:25,138 DEBUG    root            Loaded Command Group: ['gcloud', 'info']
2022-02-14 14:06:25,139 DEBUG    root            No implementation for release track [GA] for element: [/Users/oskarsidebo/Desktop/google-cloud-sdk/lib/surface/edge_container]
2022-02-14 14:06:25,139 DEBUG    root            Loaded Command Group: ['gcloud', 'policy_intelligence']
2022-02-14 14:06:25,140 DEBUG    root            Loaded Command Group: ['gcloud', 'network_security']
2022-02-14 14:06:25,141 DEBUG    root            Loaded Command Group: ['gcloud', 'source']
2022-02-14 14:06:25,143 DEBUG    root            No implementation for release track [GA] for element: [/Users/oskarsidebo/Desktop/google-cloud-sdk/lib/surface/code]
2022-02-14 14:06:25,144 DEBUG    root            No implementation for release track [GA] for element: [/Users/oskarsidebo/Desktop/google-cloud-sdk/lib/surface/lifesciences]
2022-02-14 14:06:25,144 DEBUG    root            Loaded Command Group: ['gcloud', 'metastore']
2022-02-14 14:06:25,145 DEBUG    root            Loaded Command Group: ['gcloud', 'network_management']
2022-02-14 14:06:25,146 DEBUG    root            Loaded Command Group: ['gcloud', 'auth']
2022-02-14 14:06:25,147 DEBUG    root            Loaded Command Group: ['gcloud', 'composer']
2022-02-14 14:06:25,149 DEBUG    root            Loaded Command Group: ['gcloud', 'functions']
2022-02-14 14:06:25,150 DEBUG    root            Loaded Command Group: ['gcloud', 'memcache']
2022-02-14 14:06:25,151 DEBUG    root            Loaded Command Group: ['gcloud', 'filestore']
2022-02-14 14:06:25,152 DEBUG    root            Loaded Command Group: ['gcloud', 'iot']
2022-02-14 14:06:25,154 DEBUG    root            Loaded Command Group: ['gcloud', 'feedback']
2022-02-14 14:06:25,155 DEBUG    root            Loaded Command Group: ['gcloud', 'essential_contacts']
2022-02-14 14:06:25,155 DEBUG    root            Loaded Command Group: ['gcloud', 'projects']
2022-02-14 14:06:25,156 DEBUG    root            Loaded Command Group: ['gcloud', 'spanner']
2022-02-14 14:06:25,157 DEBUG    root            Loaded Command Group: ['gcloud', 'cloud_shell']
2022-02-14 14:06:25,158 DEBUG    root            Loaded Command Group: ['gcloud', 'ml']
2022-02-14 14:06:25,158 DEBUG    root            No implementation for release track [GA] for element: [/Users/oskarsidebo/Desktop/google-cloud-sdk/lib/surface/beyondcorp]
2022-02-14 14:06:25,159 DEBUG    root            Loaded Command Group: ['gcloud', 'run']
2022-02-14 14:06:25,159 DEBUG    root            No implementation for release track [GA] for element: [/Users/oskarsidebo/Desktop/google-cloud-sdk/lib/surface/storage]
2022-02-14 14:06:25,162 DEBUG    root            Loaded Command Group: ['gcloud', 'init']
2022-02-14 14:06:25,163 DEBUG    root            Loaded Command Group: ['gcloud', 'workflows']
2022-02-14 14:06:25,164 DEBUG    root            Loaded Command Group: ['gcloud', 'assured']
2022-02-14 14:06:25,165 DEBUG    root            No implementation for release track [GA] for element: [/Users/oskarsidebo/Desktop/google-cloud-sdk/lib/surface/media]
2022-02-14 14:06:25,166 DEBUG    root            Loaded Command Group: ['gcloud', 'ids']
2022-02-14 14:06:25,166 DEBUG    root            Loaded Command Group: ['gcloud', 'edge_cache']
2022-02-14 14:06:25,167 DEBUG    root            Loaded Command Group: ['gcloud', 'apigee']
2022-02-14 14:06:25,168 DEBUG    root            Loaded Command Group: ['gcloud', 'kms']
2022-02-14 14:06:25,169 DEBUG    root            Loaded Command Group: ['gcloud', 'data_catalog']
2022-02-14 14:06:25,171 DEBUG    root            Loaded Command Group: ['gcloud', 'game']
2022-02-14 14:06:25,172 DEBUG    root            Loaded Command Group: ['gcloud', 'billing']
2022-02-14 14:06:25,172 DEBUG    root            Loaded Command Group: ['gcloud', 'meta']
2022-02-14 14:06:25,173 DEBUG    root            Loaded Command Group: ['gcloud', 'database_migration']
2022-02-14 14:06:25,174 DEBUG    root            Loaded Command Group: ['gcloud', 'secrets']
2022-02-14 14:06:25,190 DEBUG    root            Loaded Command Group: ['gcloud', 'recaptcha']
2022-02-14 14:06:25,191 DEBUG    root            Loaded Command Group: ['gcloud', 'app']
2022-02-14 14:06:25,192 DEBUG    root            Loaded Command Group: ['gcloud', 'network_connectivity']
2022-02-14 14:06:25,193 DEBUG    root            Loaded Command Group: ['gcloud', 'config']
2022-02-14 14:06:25,194 DEBUG    root            Loaded Command Group: ['gcloud', 'dataflow']
2022-02-14 14:06:25,195 DEBUG    root            No implementation for release track [GA] for element: [/Users/oskarsidebo/Desktop/google-cloud-sdk/lib/surface/dlp]
2022-02-14 14:06:25,195 DEBUG    root            No implementation for release track [GA] for element: [/Users/oskarsidebo/Desktop/google-cloud-sdk/lib/surface/kuberun]
2022-02-14 14:06:25,195 DEBUG    root            No implementation for release track [GA] for element: [/Users/oskarsidebo/Desktop/google-cloud-sdk/lib/surface/admin_service_cluster]
2022-02-14 14:06:25,196 DEBUG    root            Loaded Command Group: ['gcloud', 'cheat_sheet']
2022-02-14 14:06:25,196 DEBUG    root            Loaded Command Group: ['gcloud', 'bms']
2022-02-14 14:06:25,197 DEBUG    root            Loaded Command Group: ['gcloud', 'api_gateway']
2022-02-14 14:06:25,198 DEBUG    root            Loaded Command Group: ['gcloud', 'dns']
2022-02-14 14:06:25,199 DEBUG    root            No implementation for release track [GA] for element: [/Users/oskarsidebo/Desktop/google-cloud-sdk/lib/surface/transfer]
2022-02-14 14:06:25,199 DEBUG    root            Loaded Command Group: ['gcloud', 'resource_manager']
2022-02-14 14:06:25,200 DEBUG    root            Loaded Command Group: ['gcloud', 'identity']
2022-02-14 14:06:25,200 DEBUG    root            Loaded Command Group: ['gcloud', 'scc']
2022-02-14 14:06:25,201 DEBUG    root            Loaded Command Group: ['gcloud', 'firestore']
2022-02-14 14:06:25,202 DEBUG    root            Loaded Command Group: ['gcloud', 'resource_settings']
2022-02-14 14:06:25,203 DEBUG    root            No implementation for release track [GA] for element: [/Users/oskarsidebo/Desktop/google-cloud-sdk/lib/surface/genomics]
2022-02-14 14:06:25,203 DEBUG    root            Loaded Command Group: ['gcloud', 'asset']
2022-02-14 14:06:25,204 DEBUG    root            Loaded Command Group: ['gcloud', 'org_policies']
2022-02-14 14:06:25,204 DEBUG    root            Loaded Command Group: ['gcloud', 'ai']
2022-02-14 14:06:25,207 DEBUG    root            Loaded Command Group: ['gcloud', 'docker']
2022-02-14 14:06:29,459 DEBUG    root            Metrics reporting process started...
