2022-02-14 14:09:21,140 DEBUG    root            Loaded Command Group: ['gcloud', 'auth']
2022-02-14 14:09:21,225 DEBUG    root            Loaded Command Group: ['gcloud', 'auth', 'login']
2022-02-14 14:09:21,227 DEBUG    root            Running [gcloud.auth.login] with arguments: []
2022-02-14 14:09:21,231 DEBUG    requests_oauthlib.oauth2_session Generated new state dYCvMy3Nz8au9n9tpA5gdtwYOA3LWT.
2022-02-14 14:09:21,355 INFO     ___FILE_ONLY___ Your browser has been opened to visit:

    https://accounts.google.com/o/oauth2/auth?response_type=code&client_id=32555940559.apps.googleusercontent.com&redirect_uri=http%3A%2F%2Flocalhost%3A8085%2F&scope=openid+https%3A%2F%2Fwww.googleapis.com%2Fauth%2Fuserinfo.email+https%3A%2F%2Fwww.googleapis.com%2Fauth%2Fcloud-platform+https%3A%2F%2Fwww.googleapis.com%2Fauth%2Fappengine.admin+https%3A%2F%2Fwww.googleapis.com%2Fauth%2Fcompute+https%3A%2F%2Fwww.googleapis.com%2Fauth%2Faccounts.reauth&state=dYCvMy3Nz8au9n9tpA5gdtwYOA3LWT&access_type=offline&code_challenge=re2GmKLoJyZjskZZN8MSL1x8eM0ZxU_CbZleNz8A_e0&code_challenge_method=S256


2022-02-14 14:09:26,391 INFO     google_auth_oauthlib.flow "GET /?state=dYCvMy3Nz8au9n9tpA5gdtwYOA3LWT&code=4/0AX4XfWgVTw6lFgZMYpFEk3EEHQDo3FxygyDNXJU--RDSEfvDG7eoyHU8UhpMAIatPPzTFw&scope=email%20openid%20https://www.googleapis.com/auth/userinfo.email%20https://www.googleapis.com/auth/cloud-platform%20https://www.googleapis.com/auth/appengine.admin%20https://www.googleapis.com/auth/compute%20https://www.googleapis.com/auth/accounts.reauth&authuser=0&prompt=consent HTTP/1.1" 200 959
2022-02-14 14:09:26,393 DEBUG    requests_oauthlib.oauth2_session Requesting url https://oauth2.googleapis.com/token using method POST.
2022-02-14 14:09:26,394 DEBUG    requests_oauthlib.oauth2_session Supplying headers {b'Accept': b'application/json', b'Content-Type': b'application/x-www-form-urlencoded;charset=UTF-8', b'user-agent': b'google-cloud-sdk gcloud/372.0.0 command/gcloud.auth.login invocation-id/41efe38bc21045f3acadbc301689aac4 environment/None environment-version/None interactive/True from-script/False python/3.8.9 term/screen (Macintosh; Intel Mac OS X 21.1.0)'} and data {'grant_type': 'authorization_code', 'client_id': '32555940559.apps.googleusercontent.com', 'client_secret': 'ZmssLNjJy2998hD4CTg2ejr2', 'code': '4/0AX4XfWgVTw6lFgZMYpFEk3EEHQDo3FxygyDNXJU--RDSEfvDG7eoyHU8UhpMAIatPPzTFw', 'redirect_uri': 'http://localhost:8085/', 'code_verifier': 'sxhq0TD-~GqKM6swHmMjBe.jD8b0RO-tdf.zjSuPE_Dx7w841Ko0cQZffgzXOxQ62LDkDI3mVYP~xS2l2c1in3tf-gbc_nqZ-G9o3JvnU_dVk1mXqw62NuAWgjkzMEhF'}
2022-02-14 14:09:26,394 DEBUG    requests_oauthlib.oauth2_session Passing through key word arguments {'json': None, 'timeout': None, 'auth': None, 'verify': None, 'proxies': None}.
2022-02-14 14:09:26,437 DEBUG    urllib3.connectionpool Starting new HTTPS connection (1): oauth2.googleapis.com:443
2022-02-14 14:09:26,823 DEBUG    urllib3.connectionpool https://oauth2.googleapis.com:443 "POST /token HTTP/1.1" 200 None
2022-02-14 14:09:26,825 DEBUG    requests_oauthlib.oauth2_session Prepared fetch token request body grant_type=authorization_code&client_id=32555940559.apps.googleusercontent.com&client_secret=ZmssLNjJy2998hD4CTg2ejr2&code=4%2F0AX4XfWgVTw6lFgZMYpFEk3EEHQDo3FxygyDNXJU--RDSEfvDG7eoyHU8UhpMAIatPPzTFw&redirect_uri=http%3A%2F%2Flocalhost%3A8085%2F&code_verifier=sxhq0TD-~GqKM6swHmMjBe.jD8b0RO-tdf.zjSuPE_Dx7w841Ko0cQZffgzXOxQ62LDkDI3mVYP~xS2l2c1in3tf-gbc_nqZ-G9o3JvnU_dVk1mXqw62NuAWgjkzMEhF
2022-02-14 14:09:26,825 DEBUG    requests_oauthlib.oauth2_session Request to fetch token completed with status 200.
2022-02-14 14:09:26,825 DEBUG    requests_oauthlib.oauth2_session Request headers were {'user-agent': b'google-cloud-sdk gcloud/372.0.0 command/gcloud.auth.login invocation-id/41efe38bc21045f3acadbc301689aac4 environment/None environment-version/None interactive/True from-script/False python/3.8.9 term/screen (Macintosh; Intel Mac OS X 21.1.0)', 'Accept-Encoding': 'gzip, deflate', 'Accept': b'application/json', 'Connection': 'keep-alive', 'Content-Type': b'application/x-www-form-urlencoded;charset=UTF-8', 'Content-Length': '387'}
2022-02-14 14:09:26,826 DEBUG    requests_oauthlib.oauth2_session Request body was grant_type=authorization_code&client_id=32555940559.apps.googleusercontent.com&client_secret=ZmssLNjJy2998hD4CTg2ejr2&code=4%2F0AX4XfWgVTw6lFgZMYpFEk3EEHQDo3FxygyDNXJU--RDSEfvDG7eoyHU8UhpMAIatPPzTFw&redirect_uri=http%3A%2F%2Flocalhost%3A8085%2F&code_verifier=sxhq0TD-~GqKM6swHmMjBe.jD8b0RO-tdf.zjSuPE_Dx7w841Ko0cQZffgzXOxQ62LDkDI3mVYP~xS2l2c1in3tf-gbc_nqZ-G9o3JvnU_dVk1mXqw62NuAWgjkzMEhF
2022-02-14 14:09:26,826 DEBUG    requests_oauthlib.oauth2_session Response headers were {'Cache-Control': 'no-cache, no-store, max-age=0, must-revalidate', 'Expires': 'Mon, 01 Jan 1990 00:00:00 GMT', 'Date': 'Mon, 14 Feb 2022 22:09:26 GMT', 'Pragma': 'no-cache', 'Content-Type': 'application/json; charset=utf-8', 'Vary': 'Origin, X-Origin, Referer', 'Content-Encoding': 'gzip', 'Server': 'scaffolding on HTTPServer2', 'X-XSS-Protection': '0', 'X-Frame-Options': 'SAMEORIGIN', 'X-Content-Type-Options': 'nosniff', 'Alt-Svc': 'h3=":443"; ma=2592000,h3-29=":443"; ma=2592000,h3-Q050=":443"; ma=2592000,h3-Q046=":443"; ma=2592000,h3-Q043=":443"; ma=2592000,quic=":443"; ma=2592000; v="46,43"', 'Transfer-Encoding': 'chunked'} and content {
  "access_token": "ya29.A0ARrdaM9r7qYs1yNZe0kFUZmiDj5q-5UdoGtmvJa6uk2J6kOUrGE5pdNKDyuLGYcMh1zZAykfMNMq7oDGPHAOhvs8FlY3mObL9sJ4pxALnTLEgPxjcyxawNlyO-4bwra5wrO7IiSY20Tna_c0VSUdUZ3dh_AB8KCQIUyN",
  "expires_in": 3599,
  "refresh_token": "1//01elUk0mNtxzrCgYIARAAGAESNwF-L9IrfSpgEfw_0BieLN3HI_5LqVUkDLys8Fk4rlJeUjsQqseZeTP-4IGyOj2sAqYRpbV8p1s",
  "scope": "openid https://www.googleapis.com/auth/cloud-platform https://www.googleapis.com/auth/appengine.admin https://www.googleapis.com/auth/compute https://www.googleapis.com/auth/userinfo.email https://www.googleapis.com/auth/accounts.reauth",
  "token_type": "Bearer",
  "id_token": "eyJhbGciOiJSUzI1NiIsImtpZCI6ImY0YmIyMjBjZDA5NGIwYWU5MGRkNzNlMTBjMTBlN2RiNTRiODkyODAiLCJ0eXAiOiJKV1QifQ.eyJpc3MiOiJodHRwczovL2FjY291bnRzLmdvb2dsZS5jb20iLCJhenAiOiIzMjU1NTk0MDU1OS5hcHBzLmdvb2dsZXVzZXJjb250ZW50LmNvbSIsImF1ZCI6IjMyNTU1OTQwNTU5LmFwcHMuZ29vZ2xldXNlcmNvbnRlbnQuY29tIiwic3ViIjoiMTE1NTA4NTY4MTYxOTQ5ODE4NDcxIiwiZW1haWwiOiJzaWRlYm9vQGdtYWlsLmNvbSIsImVtYWlsX3ZlcmlmaWVkIjp0cnVlLCJhdF9oYXNoIjoib1dTcFYzczZrOFRYMklJN3MzR1JaQSIsImlhdCI6MTY0NDg3NjU2NiwiZXhwIjoxNjQ0ODgwMTY2fQ.W7vIhDoWc8Z7KaVHa97d2gq2yYItl7WwzGFqUf5Equ2WUrIhqzwx-t6sKmtmJN6h1nZHkpvvATKdspTAxtjgDBbBg-2srahZ7oc4t5qwmxT6YigGtQPIibC2qJPwzSCkpjCRCMDuAsrzlB-KRRySW-fFD58OGD4A-I4f0di2ymY4hIMG32nn9mrfbKukkh6v92UXZmi6pWfFL8gFuF48pDWmOMhM4phV5qMbhGOniPFNYdO6hhp3Bumn0YOArsfBvxPJUP2MoqlmtYdJXOFmyJcbflj3uCE_uEraACtlNZlkbo2tXhPf10bhDYgy-NvYT87Mf9dXUWwI1NwUudXZOg"
}.
2022-02-14 14:09:26,826 DEBUG    requests_oauthlib.oauth2_session Invoking 0 token response hooks.
2022-02-14 14:09:26,826 DEBUG    requests_oauthlib.oauth2_session Obtained token {'access_token': 'ya29.A0ARrdaM9r7qYs1yNZe0kFUZmiDj5q-5UdoGtmvJa6uk2J6kOUrGE5pdNKDyuLGYcMh1zZAykfMNMq7oDGPHAOhvs8FlY3mObL9sJ4pxALnTLEgPxjcyxawNlyO-4bwra5wrO7IiSY20Tna_c0VSUdUZ3dh_AB8KCQIUyN', 'expires_in': 3599, 'refresh_token': '1//01elUk0mNtxzrCgYIARAAGAESNwF-L9IrfSpgEfw_0BieLN3HI_5LqVUkDLys8Fk4rlJeUjsQqseZeTP-4IGyOj2sAqYRpbV8p1s', 'scope': ['openid', 'https://www.googleapis.com/auth/cloud-platform', 'https://www.googleapis.com/auth/appengine.admin', 'https://www.googleapis.com/auth/compute', 'https://www.googleapis.com/auth/userinfo.email', 'https://www.googleapis.com/auth/accounts.reauth'], 'token_type': 'Bearer', 'id_token': 'eyJhbGciOiJSUzI1NiIsImtpZCI6ImY0YmIyMjBjZDA5NGIwYWU5MGRkNzNlMTBjMTBlN2RiNTRiODkyODAiLCJ0eXAiOiJKV1QifQ.eyJpc3MiOiJodHRwczovL2FjY291bnRzLmdvb2dsZS5jb20iLCJhenAiOiIzMjU1NTk0MDU1OS5hcHBzLmdvb2dsZXVzZXJjb250ZW50LmNvbSIsImF1ZCI6IjMyNTU1OTQwNTU5LmFwcHMuZ29vZ2xldXNlcmNvbnRlbnQuY29tIiwic3ViIjoiMTE1NTA4NTY4MTYxOTQ5ODE4NDcxIiwiZW1haWwiOiJzaWRlYm9vQGdtYWlsLmNvbSIsImVtYWlsX3ZlcmlmaWVkIjp0cnVlLCJhdF9oYXNoIjoib1dTcFYzczZrOFRYMklJN3MzR1JaQSIsImlhdCI6MTY0NDg3NjU2NiwiZXhwIjoxNjQ0ODgwMTY2fQ.W7vIhDoWc8Z7KaVHa97d2gq2yYItl7WwzGFqUf5Equ2WUrIhqzwx-t6sKmtmJN6h1nZHkpvvATKdspTAxtjgDBbBg-2srahZ7oc4t5qwmxT6YigGtQPIibC2qJPwzSCkpjCRCMDuAsrzlB-KRRySW-fFD58OGD4A-I4f0di2ymY4hIMG32nn9mrfbKukkh6v92UXZmi6pWfFL8gFuF48pDWmOMhM4phV5qMbhGOniPFNYdO6hhp3Bumn0YOArsfBvxPJUP2MoqlmtYdJXOFmyJcbflj3uCE_uEraACtlNZlkbo2tXhPf10bhDYgy-NvYT87Mf9dXUWwI1NwUudXZOg', 'expires_at': 1644880165.8267121}.
2022-02-14 14:09:26,842 INFO     ___FILE_ONLY___ 
You are now logged in as [sideboo@gmail.com].
Your current project is [validio-staging-ff45e].  You can change this setting by running:
  $ gcloud config set project PROJECT_ID

2022-02-14 14:09:26,843 INFO     root            Display format: "none"
2022-02-14 14:09:26,850 DEBUG    root            Metrics reporting process started...
