2022-02-14 14:07:14,650 ERROR    root            (gcloud) Command name argument expected.
2022-02-14 14:07:14,651 DEBUG    root            Loaded Command Group: ['gcloud', 'assured']
2022-02-14 14:07:14,651 DEBUG    root            No implementation for release track [GA] for element: [/Users/oskarsidebo/Desktop/google-cloud-sdk/lib/surface/publicca]
2022-02-14 14:07:14,652 DEBUG    root            No implementation for release track [GA] for element: [/Users/oskarsidebo/Desktop/google-cloud-sdk/lib/surface/web_security_scanner]
2022-02-14 14:07:14,652 DEBUG    root            Loaded Command Group: ['gcloud', 'dataflow']
2022-02-14 14:07:14,653 DEBUG    root            Loaded Command Group: ['gcloud', 'firebase']
2022-02-14 14:07:14,653 DEBUG    root            Loaded Command Group: ['gcloud', 'anthos']
2022-02-14 14:07:14,654 DEBUG    root            Loaded Command Group: ['gcloud', 'apigee']
2022-02-14 14:07:14,655 DEBUG    root            Loaded Command Group: ['gcloud', 'dns']
2022-02-14 14:07:14,655 DEBUG    root            Loaded Command Group: ['gcloud', 'metastore']
2022-02-14 14:07:14,656 DEBUG    root            Loaded Command Group: ['gcloud', 'domains']
2022-02-14 14:07:14,657 DEBUG    root            Loaded Command Group: ['gcloud', 'scheduler']
2022-02-14 14:07:14,658 DEBUG    root            No implementation for release track [GA] for element: [/Users/oskarsidebo/Desktop/google-cloud-sdk/lib/surface/transfer]
2022-02-14 14:07:14,658 DEBUG    root            Loaded Command Group: ['gcloud', 'organizations']
2022-02-14 14:07:14,659 DEBUG    root            Loaded Command Group: ['gcloud', 'deploy']
2022-02-14 14:07:14,659 DEBUG    root            Loaded Command Group: ['gcloud', 'network_management']
2022-02-14 14:07:14,660 DEBUG    root            Loaded Command Group: ['gcloud', 'composer']
2022-02-14 14:07:14,661 DEBUG    root            Loaded Command Group: ['gcloud', 'network_services']
2022-02-14 14:07:14,661 DEBUG    root            Loaded Command Group: ['gcloud', 'run']
2022-02-14 14:07:14,662 DEBUG    root            No implementation for release track [GA] for element: [/Users/oskarsidebo/Desktop/google-cloud-sdk/lib/surface/beyondcorp]
2022-02-14 14:07:14,662 DEBUG    root            Loaded Command Group: ['gcloud', 'secrets']
2022-02-14 14:07:14,663 DEBUG    root            No implementation for release track [GA] for element: [/Users/oskarsidebo/Desktop/google-cloud-sdk/lib/surface/dlp]
2022-02-14 14:07:14,663 DEBUG    root            Loaded Command Group: ['gcloud', 'emulators']
2022-02-14 14:07:14,664 DEBUG    root            No implementation for release track [GA] for element: [/Users/oskarsidebo/Desktop/google-cloud-sdk/lib/surface/remote_build_execution]
2022-02-14 14:07:14,664 DEBUG    root            Loaded Command Group: ['gcloud', 'logging']
2022-02-14 14:07:14,665 DEBUG    root            Loaded Command Group: ['gcloud', 'transcoder']
2022-02-14 14:07:14,667 DEBUG    root            Loaded Command Group: ['gcloud', 'feedback']
2022-02-14 14:07:14,667 DEBUG    root            Loaded Command Group: ['gcloud', 'notebooks']
2022-02-14 14:07:14,668 DEBUG    root            Loaded Command Group: ['gcloud', 'iam']
2022-02-14 14:07:14,669 DEBUG    root            Loaded Command Group: ['gcloud', 'workspace_add_ons']
2022-02-14 14:07:14,669 DEBUG    root            Loaded Command Group: ['gcloud', 'ml']
2022-02-14 14:07:14,670 DEBUG    root            Loaded Command Group: ['gcloud', 'edge_cache']
2022-02-14 14:07:14,671 DEBUG    root            No implementation for release track [GA] for element: [/Users/oskarsidebo/Desktop/google-cloud-sdk/lib/surface/vmware]
2022-02-14 14:07:14,671 DEBUG    root            Loaded Command Group: ['gcloud', 'org_policies']
2022-02-14 14:07:14,671 DEBUG    root            Loaded Command Group: ['gcloud', 'policy_troubleshoot']
2022-02-14 14:07:14,672 DEBUG    root            Loaded Command Group: ['gcloud', 'artifacts']
2022-02-14 14:07:14,673 DEBUG    root            Loaded Command Group: ['gcloud', 'ai']
2022-02-14 14:07:14,674 DEBUG    root            Loaded Command Group: ['gcloud', 'policy_intelligence']
2022-02-14 14:07:14,699 DEBUG    root            No implementation for release track [GA] for element: [/Users/oskarsidebo/Desktop/google-cloud-sdk/lib/surface/interactive]
2022-02-14 14:07:14,699 DEBUG    root            Loaded Command Group: ['gcloud', 'iot']
2022-02-14 14:07:14,700 DEBUG    root            Loaded Command Group: ['gcloud', 'recaptcha']
2022-02-14 14:07:14,701 DEBUG    root            No implementation for release track [GA] for element: [/Users/oskarsidebo/Desktop/google-cloud-sdk/lib/surface/code]
2022-02-14 14:07:14,714 DEBUG    root            Loaded Command Group: ['gcloud', 'compute']
2022-02-14 14:07:14,715 DEBUG    root            No implementation for release track [GA] for element: [/Users/oskarsidebo/Desktop/google-cloud-sdk/lib/surface/trace]
2022-02-14 14:07:14,723 DEBUG    root            Loaded Command Group: ['gcloud', 'ai_platform']
2022-02-14 14:07:14,724 DEBUG    root            Loaded Command Group: ['gcloud', 'builds']
2022-02-14 14:07:14,725 DEBUG    root            Loaded Command Group: ['gcloud', 'meta']
2022-02-14 14:07:14,726 DEBUG    root            Loaded Command Group: ['gcloud', 'identity']
2022-02-14 14:07:14,726 DEBUG    root            No implementation for release track [GA] for element: [/Users/oskarsidebo/Desktop/google-cloud-sdk/lib/surface/commerce_procurement]
2022-02-14 14:07:14,727 DEBUG    root            Loaded Command Group: ['gcloud', 'recommender']
2022-02-14 14:07:14,727 DEBUG    root            Loaded Command Group: ['gcloud', 'auth']
2022-02-14 14:07:14,728 DEBUG    root            Loaded Command Group: ['gcloud', 'filestore']
2022-02-14 14:07:14,730 DEBUG    root            Loaded Command Group: ['gcloud', 'init']
2022-02-14 14:07:14,740 DEBUG    root            No implementation for release track [GA] for element: [/Users/oskarsidebo/Desktop/google-cloud-sdk/lib/surface/events]
2022-02-14 14:07:14,740 DEBUG    root            Loaded Command Group: ['gcloud', 'asset']
2022-02-14 14:07:14,741 DEBUG    root            No implementation for release track [GA] for element: [/Users/oskarsidebo/Desktop/google-cloud-sdk/lib/surface/storage]
2022-02-14 14:07:14,741 DEBUG    root            Loaded Command Group: ['gcloud', 'redis']
2022-02-14 14:07:14,742 DEBUG    root            Loaded Command Group: ['gcloud', 'resource_manager']
2022-02-14 14:07:14,743 DEBUG    root            No implementation for release track [GA] for element: [/Users/oskarsidebo/Desktop/google-cloud-sdk/lib/surface/edge_container]
2022-02-14 14:07:14,743 DEBUG    root            Loaded Command Group: ['gcloud', 'endpoints']
2022-02-14 14:07:14,743 DEBUG    root            Loaded Command Group: ['gcloud', 'access_context_manager']
2022-02-14 14:07:14,744 DEBUG    root            No implementation for release track [GA] for element: [/Users/oskarsidebo/Desktop/google-cloud-sdk/lib/surface/runtime_config]
2022-02-14 14:07:14,744 DEBUG    root            No implementation for release track [GA] for element: [/Users/oskarsidebo/Desktop/google-cloud-sdk/lib/surface/kuberun]
2022-02-14 14:07:14,744 DEBUG    root            Loaded Command Group: ['gcloud', 'api_gateway']
2022-02-14 14:07:14,745 DEBUG    root            Loaded Command Group: ['gcloud', 'cloud_shell']
2022-02-14 14:07:14,746 DEBUG    root            No implementation for release track [GA] for element: [/Users/oskarsidebo/Desktop/google-cloud-sdk/lib/surface/edge_cloud]
2022-02-14 14:07:14,746 DEBUG    root            No implementation for release track [GA] for element: [/Users/oskarsidebo/Desktop/google-cloud-sdk/lib/surface/lifesciences]
2022-02-14 14:07:14,746 DEBUG    root            Loaded Command Group: ['gcloud', 'ids']
2022-02-14 14:07:14,746 DEBUG    root            Loaded Command Group: ['gcloud', 'monitoring']
2022-02-14 14:07:14,747 DEBUG    root            Loaded Command Group: ['gcloud', 'config']
2022-02-14 14:07:14,748 DEBUG    root            No implementation for release track [GA] for element: [/Users/oskarsidebo/Desktop/google-cloud-sdk/lib/surface/datapipelines]
2022-02-14 14:07:14,748 DEBUG    root            Loaded Command Group: ['gcloud', 'bms']
2022-02-14 14:07:14,749 DEBUG    root            Loaded Command Group: ['gcloud', 'sql']
2022-02-14 14:07:14,751 DEBUG    root            Loaded Command Group: ['gcloud', 'survey']
2022-02-14 14:07:14,752 DEBUG    root            No implementation for release track [GA] for element: [/Users/oskarsidebo/Desktop/google-cloud-sdk/lib/surface/data_fusion]
2022-02-14 14:07:14,752 DEBUG    root            Loaded Command Group: ['gcloud', 'tasks']
2022-02-14 14:07:14,753 DEBUG    root            Loaded Command Group: ['gcloud', 'cheat_sheet']
2022-02-14 14:07:14,753 DEBUG    root            Loaded Command Group: ['gcloud', 'eventarc']
2022-02-14 14:07:14,754 DEBUG    root            Loaded Command Group: ['gcloud', 'active_directory']
2022-02-14 14:07:14,754 DEBUG    root            Loaded Command Group: ['gcloud', 'resource_settings']
2022-02-14 14:07:14,755 DEBUG    root            Loaded Command Group: ['gcloud', 'essential_contacts']
2022-02-14 14:07:14,756 DEBUG    root            No implementation for release track [GA] for element: [/Users/oskarsidebo/Desktop/google-cloud-sdk/lib/surface/resource_config]
2022-02-14 14:07:14,756 DEBUG    root            Loaded Command Group: ['gcloud', 'info']
2022-02-14 14:07:14,757 DEBUG    root            No implementation for release track [GA] for element: [/Users/oskarsidebo/Desktop/google-cloud-sdk/lib/surface/media]
2022-02-14 14:07:14,758 DEBUG    root            Loaded Command Group: ['gcloud', 'functions']
2022-02-14 14:07:14,759 DEBUG    root            Loaded Command Group: ['gcloud', 'debug']
2022-02-14 14:07:14,759 DEBUG    root            Loaded Command Group: ['gcloud', 'privateca']
2022-02-14 14:07:14,760 DEBUG    root            Loaded Command Group: ['gcloud', 'data_catalog']
2022-02-14 14:07:14,760 DEBUG    root            Loaded Command Group: ['gcloud', 'iap']
2022-02-14 14:07:14,761 DEBUG    root            Loaded Command Group: ['gcloud', 'memcache']
2022-02-14 14:07:14,762 DEBUG    root            Loaded Command Group: ['gcloud', 'docker']
2022-02-14 14:07:14,763 DEBUG    root            Loaded Command Group: ['gcloud', 'bigtable']
2022-02-14 14:07:14,764 DEBUG    root            No implementation for release track [GA] for element: [/Users/oskarsidebo/Desktop/google-cloud-sdk/lib/surface/dataplex]
2022-02-14 14:07:14,764 DEBUG    root            No implementation for release track [GA] for element: [/Users/oskarsidebo/Desktop/google-cloud-sdk/lib/surface/blueprints]
2022-02-14 14:07:14,764 DEBUG    root            Loaded Command Group: ['gcloud', 'firestore']
2022-02-14 14:07:14,765 DEBUG    root            Loaded Command Group: ['gcloud', 'projects']
2022-02-14 14:07:14,765 DEBUG    root            Loaded Command Group: ['gcloud', 'app']
2022-02-14 14:07:14,766 DEBUG    root            Loaded Command Group: ['gcloud', 'deployment_manager']
2022-02-14 14:07:14,767 DEBUG    root            Loaded Command Group: ['gcloud', 'dataproc']
2022-02-14 14:07:14,768 DEBUG    root            Loaded Command Group: ['gcloud', 'database_migration']
2022-02-14 14:07:14,768 DEBUG    root            Loaded Command Group: ['gcloud', 'network_security']
2022-02-14 14:07:14,769 DEBUG    root            Loaded Command Group: ['gcloud', 'ml_engine']
2022-02-14 14:07:14,769 DEBUG    root            Loaded Command Group: ['gcloud', 'service_directory']
2022-02-14 14:07:14,770 DEBUG    root            Loaded Command Group: ['gcloud', 'topic']
2022-02-14 14:07:14,770 DEBUG    root            Loaded Command Group: ['gcloud', 'datastore']
2022-02-14 14:07:14,771 DEBUG    root            Loaded Command Group: ['gcloud', 'source']
2022-02-14 14:07:14,772 DEBUG    root            Loaded Command Group: ['gcloud', 'scc']
2022-02-14 14:07:14,772 DEBUG    root            Loaded Command Group: ['gcloud', 'healthcare']
2022-02-14 14:07:14,773 DEBUG    root            Loaded Command Group: ['gcloud', 'datastream']
2022-02-14 14:07:14,774 DEBUG    root            No implementation for release track [GA] for element: [/Users/oskarsidebo/Desktop/google-cloud-sdk/lib/surface/admin_service_cluster]
2022-02-14 14:07:14,774 DEBUG    root            No implementation for release track [GA] for element: [/Users/oskarsidebo/Desktop/google-cloud-sdk/lib/surface/certificate_manager]
2022-02-14 14:07:14,774 DEBUG    root            Loaded Command Group: ['gcloud', 'access_approval']
2022-02-14 14:07:14,775 DEBUG    root            No implementation for release track [GA] for element: [/Users/oskarsidebo/Desktop/google-cloud-sdk/lib/surface/genomics]
2022-02-14 14:07:14,775 DEBUG    root            Loaded Command Group: ['gcloud', 'kms']
2022-02-14 14:07:14,776 DEBUG    root            No implementation for release track [GA] for element: [/Users/oskarsidebo/Desktop/google-cloud-sdk/lib/surface/bq]
2022-02-14 14:07:14,776 DEBUG    root            No implementation for release track [GA] for element: [/Users/oskarsidebo/Desktop/google-cloud-sdk/lib/surface/dialogflow]
2022-02-14 14:07:14,776 DEBUG    root            Loaded Command Group: ['gcloud', 'pubsub']
2022-02-14 14:07:14,777 DEBUG    root            Loaded Command Group: ['gcloud', 'components']
2022-02-14 14:07:14,777 DEBUG    root            No implementation for release track [GA] for element: [/Users/oskarsidebo/Desktop/google-cloud-sdk/lib/surface/error_reporting]
2022-02-14 14:07:14,777 DEBUG    root            Loaded Command Group: ['gcloud', 'services']
2022-02-14 14:07:14,778 DEBUG    root            No implementation for release track [GA] for element: [/Users/oskarsidebo/Desktop/google-cloud-sdk/lib/surface/alloydb]
2022-02-14 14:07:14,778 DEBUG    root            Loaded Command Group: ['gcloud', 'workflows']
2022-02-14 14:07:14,779 DEBUG    root            Loaded Command Group: ['gcloud', 'billing']
2022-02-14 14:07:14,779 DEBUG    root            Loaded Command Group: ['gcloud', 'version']
2022-02-14 14:07:14,781 DEBUG    root            Loaded Command Group: ['gcloud', 'help']
2022-02-14 14:07:14,782 DEBUG    root            Loaded Command Group: ['gcloud', 'network_connectivity']
2022-02-14 14:07:14,783 DEBUG    root            Loaded Command Group: ['gcloud', 'spanner']
2022-02-14 14:07:14,784 DEBUG    root            Loaded Command Group: ['gcloud', 'game']
2022-02-14 14:07:17,789 DEBUG    root            Metrics reporting process started...
